<?xml version="1.0" encoding="UTF-8"?>
<testsuite xmlns:xsi="http://www.w3.org/2001/XMLSchema-instance" xsi:noNamespaceSchemaLocation="https://maven.apache.org/surefire/maven-surefire-plugin/xsd/surefire-test-report.xsd" name="Main.MVCTest.GameBoardControllerTest" time="0.63" tests="42" errors="0" skipped="0" failures="0">
  <properties>
    <property name="java.specification.version" value="15"/>
    <property name="sun.cpu.isalist" value="amd64"/>
    <property name="sun.jnu.encoding" value="Cp1252"/>
    <property name="java.class.path" value="C:\Users\zxtan\IdeaProjects\BrickDestroy\target\test-classes;C:\Users\zxtan\IdeaProjects\BrickDestroy\target\classes;C:\Users\zxtan\.m2\repository\org\junit\jupiter\junit-jupiter\5.8.2\junit-jupiter-5.8.2.jar;C:\Users\zxtan\.m2\repository\org\junit\jupiter\junit-jupiter-api\5.8.2\junit-jupiter-api-5.8.2.jar;C:\Users\zxtan\.m2\repository\org\opentest4j\opentest4j\1.2.0\opentest4j-1.2.0.jar;C:\Users\zxtan\.m2\repository\org\junit\platform\junit-platform-commons\1.8.2\junit-platform-commons-1.8.2.jar;C:\Users\zxtan\.m2\repository\org\apiguardian\apiguardian-api\1.1.2\apiguardian-api-1.1.2.jar;C:\Users\zxtan\.m2\repository\org\junit\jupiter\junit-jupiter-params\5.8.2\junit-jupiter-params-5.8.2.jar;C:\Users\zxtan\.m2\repository\org\junit\jupiter\junit-jupiter-engine\5.8.2\junit-jupiter-engine-5.8.2.jar;C:\Users\zxtan\.m2\repository\org\junit\platform\junit-platform-engine\1.8.2\junit-platform-engine-1.8.2.jar;"/>
    <property name="java.vm.vendor" value="Oracle Corporation"/>
    <property name="sun.arch.data.model" value="64"/>
    <property name="user.variant" value=""/>
    <property name="java.vendor.url" value="https://java.oracle.com/"/>
    <property name="user.timezone" value="Asia/Kuala_Lumpur"/>
    <property name="os.name" value="Windows 10"/>
    <property name="java.vm.specification.version" value="15"/>
    <property name="sun.java.launcher" value="SUN_STANDARD"/>
    <property name="user.country" value="US"/>
    <property name="sun.boot.library.path" value="D:\Java\jdk-15.0.2\bin"/>
    <property name="sun.java.command" value="D:\Temp\Temp3\surefire14973433972536383173\surefirebooter390237113705019436.jar D:\Temp\Temp3\surefire14973433972536383173 2021-12-12T16-41-51_306-jvmRun1 surefire17410743661395753582tmp surefire_010940916708022185734tmp"/>
    <property name="jdk.debug" value="release"/>
    <property name="surefire.test.class.path" value="C:\Users\zxtan\IdeaProjects\BrickDestroy\target\test-classes;C:\Users\zxtan\IdeaProjects\BrickDestroy\target\classes;C:\Users\zxtan\.m2\repository\org\junit\jupiter\junit-jupiter\5.8.2\junit-jupiter-5.8.2.jar;C:\Users\zxtan\.m2\repository\org\junit\jupiter\junit-jupiter-api\5.8.2\junit-jupiter-api-5.8.2.jar;C:\Users\zxtan\.m2\repository\org\opentest4j\opentest4j\1.2.0\opentest4j-1.2.0.jar;C:\Users\zxtan\.m2\repository\org\junit\platform\junit-platform-commons\1.8.2\junit-platform-commons-1.8.2.jar;C:\Users\zxtan\.m2\repository\org\apiguardian\apiguardian-api\1.1.2\apiguardian-api-1.1.2.jar;C:\Users\zxtan\.m2\repository\org\junit\jupiter\junit-jupiter-params\5.8.2\junit-jupiter-params-5.8.2.jar;C:\Users\zxtan\.m2\repository\org\junit\jupiter\junit-jupiter-engine\5.8.2\junit-jupiter-engine-5.8.2.jar;C:\Users\zxtan\.m2\repository\org\junit\platform\junit-platform-engine\1.8.2\junit-platform-engine-1.8.2.jar;"/>
    <property name="sun.cpu.endian" value="little"/>
    <property name="user.home" value="C:\Users\zxtan"/>
    <property name="user.language" value="en"/>
    <property name="java.specification.vendor" value="Oracle Corporation"/>
    <property name="java.version.date" value="2021-01-19"/>
    <property name="java.home" value="D:\Java\jdk-15.0.2"/>
    <property name="file.separator" value="\"/>
    <property name="basedir" value="C:\Users\zxtan\IdeaProjects\BrickDestroy"/>
    <property name="java.vm.compressedOopsMode" value="32-bit"/>
    <property name="line.separator" value="&#10;"/>
    <property name="java.vm.specification.vendor" value="Oracle Corporation"/>
    <property name="java.specification.name" value="Java Platform API Specification"/>
    <property name="surefire.real.class.path" value="D:\Temp\Temp3\surefire14973433972536383173\surefirebooter390237113705019436.jar"/>
    <property name="user.script" value=""/>
    <property name="sun.management.compiler" value="HotSpot 64-Bit Tiered Compilers"/>
    <property name="java.runtime.version" value="15.0.2+7-27"/>
    <property name="user.name" value="zxtan"/>
    <property name="path.separator" value=";"/>
    <property name="os.version" value="10.0"/>
    <property name="java.runtime.name" value="Java(TM) SE Runtime Environment"/>
    <property name="file.encoding" value="Cp1252"/>
    <property name="java.vm.name" value="Java HotSpot(TM) 64-Bit Server VM"/>
    <property name="localRepository" value="C:\Users\zxtan\.m2\repository"/>
    <property name="java.vendor.url.bug" value="https://bugreport.java.com/bugreport/"/>
    <property name="java.io.tmpdir" value="D:\Temp\Temp3\"/>
    <property name="idea.version" value="2021.3"/>
    <property name="java.version" value="15.0.2"/>
    <property name="user.dir" value="C:\Users\zxtan\IdeaProjects\BrickDestroy"/>
    <property name="os.arch" value="amd64"/>
    <property name="java.vm.specification.name" value="Java Virtual Machine Specification"/>
    <property name="sun.os.patch.level" value=""/>
    <property name="java.library.path" value="D:\Java\jdk-15.0.2\bin;C:\WINDOWS\Sun\Java\bin;C:\WINDOWS\system32;C:\WINDOWS;C:\Program Files\Common Files\Oracle\Java\javapath;C:\Program Files (x86)\Common Files\Oracle\Java\javapath;C:\Program Files\Haskell\bin;D:\Haskell Platform\8.6.5\lib\extralibs\bin;D:\Haskell Platform\8.6.5\bin;C:\Program Files (x86)\Intel\Intel(R) Management Engine Components\iCLS\;C:\Program Files\Intel\Intel(R) Management Engine Components\iCLS\;C:\Windows\system32;C:\Windows;C:\Windows\System32\Wbem;C:\Windows\System32\WindowsPowerShell\v1.0\;C:\Program Files (x86)\Intel\Intel(R) Management Engine Components\DAL;C:\Program Files\Intel\Intel(R) Management Engine Components\DAL;C:\Program Files (x86)\Intel\Intel(R) Management Engine Components\IPT;C:\Program Files\Intel\Intel(R) Management Engine Components\IPT;C:\WINDOWS\system32;C:\WINDOWS;C:\WINDOWS\System32\Wbem;C:\WINDOWS\System32\WindowsPowerShell\v1.0\;C:\WINDOWS\System32\OpenSSH\;C:\Program Files\Intel\WiFi\bin\;C:\Program Files\Common Files\Intel\WirelessCommon\;C:\Program Files\NVIDIA Corporation\NVIDIA NvDLISR;C:\Program Files (x86)\NVIDIA Corporation\PhysX\Common;C:\WINDOWS\system32;C:\WINDOWS;C:\WINDOWS\System32\Wbem;C:\WINDOWS\System32\WindowsPowerShell\v1.0\;C:\WINDOWS\System32\OpenSSH\;C:\mingw\bin;C:\Program Files\PuTTY\;D:\Haskell Platform\8.6.5\mingw\bin;D:\MATLAB\R2020b\bin;D:\MATLAB\R2021a\bin;C:\Program Files\Git\cmd;C:\Users\zxtan\AppData\Roaming\cabal\bin;C:\Users\zxtan\AppData\Roaming\local\bin;C:\Users\zxtan\AppData\Local\Microsoft\WindowsApps;C:\Program Files\Intel\WiFi\bin\;C:\Program Files\Common Files\Intel\WirelessCommon\;D:\CLion 2020.2.4\bin;;D:\IntelliJ IDEA Community Edition 2020.3.2\bin;;C:\Users\zxtan\AppData\Local\GitHubDesktop\bin;."/>
    <property name="java.vm.info" value="mixed mode, sharing"/>
    <property name="java.vendor" value="Oracle Corporation"/>
    <property name="java.vm.version" value="15.0.2+7-27"/>
    <property name="sun.io.unicode.encoding" value="UnicodeLittle"/>
    <property name="java.class.version" value="59.0"/>
  </properties>
  <testcase name="resetTotalScoreAndTime" classname="Main.MVCTest.GameBoardControllerTest" time="0.004"/>
  <testcase name="setBallSpeed[1]" classname="Main.MVCTest.GameBoardControllerTest" time="0.002"/>
  <testcase name="setBallSpeed[2]" classname="Main.MVCTest.GameBoardControllerTest" time="0.002"/>
  <testcase name="setBallSpeed[3]" classname="Main.MVCTest.GameBoardControllerTest" time="0.001"/>
  <testcase name="setBallSpeed[4]" classname="Main.MVCTest.GameBoardControllerTest" time="0.001"/>
  <testcase name="setBallSpeed[5]" classname="Main.MVCTest.GameBoardControllerTest" time="0.001"/>
  <testcase name="movePlayer" classname="Main.MVCTest.GameBoardControllerTest" time="0"/>
  <testcase name="findImpacts" classname="Main.MVCTest.GameBoardControllerTest" time="0.195"/>
  <testcase name="powerUpRandomSpawn" classname="Main.MVCTest.GameBoardControllerTest" time="0.001"/>
  <testcase name="resetLevelData" classname="Main.MVCTest.GameBoardControllerTest" time="0.001"/>
  <testcase name="moveUp" classname="Main.MVCTest.GameBoardControllerTest" time="0"/>
  <testcase name="repair" classname="Main.MVCTest.GameBoardControllerTest" time="0.001"/>
  <testcase name="update" classname="Main.MVCTest.GameBoardControllerTest" time="0.003"/>
  <testcase name="playerMoveTo" classname="Main.MVCTest.GameBoardControllerTest" time="0.001"/>
  <testcase name="previousLevel" classname="Main.MVCTest.GameBoardControllerTest" time="0"/>
  <testcase name="reverseX" classname="Main.MVCTest.GameBoardControllerTest" time="0"/>
  <testcase name="reverseY" classname="Main.MVCTest.GameBoardControllerTest" time="0.001"/>
  <testcase name="findImpact" classname="Main.MVCTest.GameBoardControllerTest" time="0"/>
  <testcase name="moveBall" classname="Main.MVCTest.GameBoardControllerTest" time="0.001"/>
  <testcase name="moveDown" classname="Main.MVCTest.GameBoardControllerTest" time="0"/>
  <testcase name="moveLeft" classname="Main.MVCTest.GameBoardControllerTest" time="0"/>
  <testcase name="addSpeedX" classname="Main.MVCTest.GameBoardControllerTest" time="0"/>
  <testcase name="addSpeedY" classname="Main.MVCTest.GameBoardControllerTest" time="0"/>
  <testcase name="stop" classname="Main.MVCTest.GameBoardControllerTest" time="0"/>
  <testcase name="gameChecks" classname="Main.MVCTest.GameBoardControllerTest" time="0.342"/>
  <testcase name="setImpact" classname="Main.MVCTest.GameBoardControllerTest" time="0.007"/>
  <testcase name="minusSpeedX" classname="Main.MVCTest.GameBoardControllerTest" time="0.001"/>
  <testcase name="minusSpeedY" classname="Main.MVCTest.GameBoardControllerTest" time="0"/>
  <testcase name="calculateScoreAndTime" classname="Main.MVCTest.GameBoardControllerTest" time="0.001"/>
  <testcase name="ballReset" classname="Main.MVCTest.GameBoardControllerTest" time="0"/>
  <testcase name="resetBallCount" classname="Main.MVCTest.GameBoardControllerTest" time="0"/>
  <testcase name="ballPlayerImpact" classname="Main.MVCTest.GameBoardControllerTest" time="0"/>
  <testcase name="moveRight" classname="Main.MVCTest.GameBoardControllerTest" time="0.001"/>
  <testcase name="nextLevel" classname="Main.MVCTest.GameBoardControllerTest" time="0"/>
  <testcase name="wallReset" classname="Main.MVCTest.GameBoardControllerTest" time="0.001"/>
  <testcase name="ballMoveTo" classname="Main.MVCTest.GameBoardControllerTest" time="0"/>
  <testcase name="powerUpCollected" classname="Main.MVCTest.GameBoardControllerTest" time="0.001"/>
  <testcase name="returnPreviousLevelsScore" classname="Main.MVCTest.GameBoardControllerTest" time="0.001"/>
  <testcase name="resetLevelScoreAndTime" classname="Main.MVCTest.GameBoardControllerTest" time="0.001"/>
  <testcase name="reversePauseFlag" classname="Main.MVCTest.GameBoardControllerTest" time="0.031"/>
  <testcase name="returnPreviousLevelsTime" classname="Main.MVCTest.GameBoardControllerTest" time="0.001"/>
  <testcase name="powerUpMoveTo" classname="Main.MVCTest.GameBoardControllerTest" time="0"/>
</testsuite>